# JRE version: Java(TM) SE Runtime Environment (8.0_101-b13) (build 1.8.0_101-b13)
# Java VM: Java HotSpot(TM) 64-Bit Server VM (25.101-b13 mixed mode windows-amd64 compressed oops)
Heap:
 PSYoungGen      total 73728K, used 29780K [0x00000000d6100000, 0x00000000ded80000, 0x0000000100000000)
  eden space 65536K, 34% used [0x00000000d6100000,0x00000000d7748550,0x00000000da100000)
  from space 8192K, 84% used [0x00000000da100000,0x00000000da7ccad0,0x00000000da900000)
  to   space 8192K, 0% used [0x00000000de580000,0x00000000de580000,0x00000000ded80000)
 ParOldGen       total 43008K, used 5461K [0x0000000082200000, 0x0000000084c00000, 0x00000000d6100000)
  object space 43008K, 12% used [0x0000000082200000,0x0000000082755570,0x0000000084c00000)
 Metaspace       used 27861K, capacity 28684K, committed 28928K, reserved 1075200K
  class space    used 3531K, capacity 3746K, committed 3840K, reserved 1048576K
GC Heap History (10 events):
Event: 6.426 GC heap before
{Heap before GC invocations=4 (full 0):
 PSYoungGen      total 37888K, used 37882K [0x00000000d6100000, 0x00000000d8b00000, 0x0000000100000000)
  eden space 32768K, 100% used [0x00000000d6100000,0x00000000d8100000,0x00000000d8100000)
  from space 5120K, 99% used [0x00000000d8100000,0x00000000d85fe948,0x00000000d8600000)
  to   space 5120K, 0% used [0x00000000d8600000,0x00000000d8600000,0x00000000d8b00000)
 ParOldGen       total 86016K, used 775K [0x0000000082200000, 0x0000000087600000, 0x00000000d6100000)
  object space 86016K, 0% used [0x0000000082200000,0x00000000822c1df0,0x0000000087600000)
 Metaspace       used 18525K, capacity 19164K, committed 19328K, reserved 1067008K
  class space    used 2415K, capacity 2576K, committed 2688K, reserved 1048576K
Event: 6.434 GC heap after
Heap after GC invocations=4 (full 0):
 PSYoungGen      total 37888K, used 5117K [0x00000000d6100000, 0x00000000dab00000, 0x0000000100000000)
  eden space 32768K, 0% used [0x00000000d6100000,0x00000000d6100000,0x00000000d8100000)
  from space 5120K, 99% used [0x00000000d8600000,0x00000000d8aff540,0x00000000d8b00000)
  to   space 5120K, 0% used [0x00000000d8100000,0x00000000d8100000,0x00000000d8600000)
 ParOldGen       total 86016K, used 2590K [0x0000000082200000, 0x0000000087600000, 0x00000000d6100000)
  object space 86016K, 3% used [0x0000000082200000,0x0000000082487808,0x0000000087600000)
 Metaspace       used 18525K, capacity 19164K, committed 19328K, reserved 1067008K
  class space    used 2415K, capacity 2576K, committed 2688K, reserved 1048576K
}
Event: 6.727 GC heap before
{Heap before GC invocations=5 (full 0):
 PSYoungGen      total 37888K, used 24368K [0x00000000d6100000, 0x00000000dab00000, 0x0000000100000000)
  eden space 32768K, 58% used [0x00000000d6100000,0x00000000d73cccd0,0x00000000d8100000)
  from space 5120K, 99% used [0x00000000d8600000,0x00000000d8aff540,0x00000000d8b00000)
  to   space 5120K, 0% used [0x00000000d8100000,0x00000000d8100000,0x00000000d8600000)
 ParOldGen       total 86016K, used 2590K [0x0000000082200000, 0x0000000087600000, 0x00000000d6100000)
  object space 86016K, 3% used [0x0000000082200000,0x0000000082487808,0x0000000087600000)
 Metaspace       used 20569K, capacity 21188K, committed 21504K, reserved 1069056K
  class space    used 2604K, capacity 2776K, committed 2816K, reserved 1048576K
Event: 6.734 GC heap after
Heap after GC invocations=5 (full 0):
 PSYoungGen      total 37888K, used 5103K [0x00000000d6100000, 0x00000000db100000, 0x0000000100000000)
  eden space 32768K, 0% used [0x00000000d6100000,0x00000000d6100000,0x00000000d8100000)
  from space 5120K, 99% used [0x00000000d8100000,0x00000000d85fbcc8,0x00000000d8600000)
  to   space 8192K, 0% used [0x00000000da900000,0x00000000da900000,0x00000000db100000)
 ParOldGen       total 86016K, used 4647K [0x0000000082200000, 0x0000000087600000, 0x00000000d6100000)
  object space 86016K, 5% used [0x0000000082200000,0x0000000082689f80,0x0000000087600000)
 Metaspace       used 20569K, capacity 21188K, committed 21504K, reserved 1069056K
  class space    used 2604K, capacity 2776K, committed 2816K, reserved 1048576K
}
Event: 6.753 GC heap before
{Heap before GC invocations=6 (full 0):
 PSYoungGen      total 37888K, used 9651K [0x00000000d6100000, 0x00000000db100000, 0x0000000100000000)
  eden space 32768K, 13% used [0x00000000d6100000,0x00000000d6571310,0x00000000d8100000)
  from space 5120K, 99% used [0x00000000d8100000,0x00000000d85fbcc8,0x00000000d8600000)
  to   space 8192K, 0% used [0x00000000da900000,0x00000000da900000,0x00000000db100000)
 ParOldGen       total 86016K, used 4647K [0x0000000082200000, 0x0000000087600000, 0x00000000d6100000)
  object space 86016K, 5% used [0x0000000082200000,0x0000000082689f80,0x0000000087600000)
 Metaspace       used 20871K, capacity 21476K, committed 21628K, reserved 1069056K
  class space    used 2645K, capacity 2808K, committed 2816K, reserved 1048576K
Event: 6.760 GC heap after
Heap after GC invocations=6 (full 0):
 PSYoungGen      total 73728K, used 5434K [0x00000000d6100000, 0x00000000db100000, 0x0000000100000000)
  eden space 65536K, 0% used [0x00000000d6100000,0x00000000d6100000,0x00000000da100000)
  from space 8192K, 66% used [0x00000000da900000,0x00000000dae4e9c8,0x00000000db100000)
  to   space 8192K, 0% used [0x00000000da100000,0x00000000da100000,0x00000000da900000)
 ParOldGen       total 86016K, used 4655K [0x0000000082200000, 0x0000000087600000, 0x00000000d6100000)
  object space 86016K, 5% used [0x0000000082200000,0x000000008268bf80,0x0000000087600000)
 Metaspace       used 20871K, capacity 21476K, committed 21628K, reserved 1069056K
  class space    used 2645K, capacity 2808K, committed 2816K, reserved 1048576K
}
Event: 6.760 GC heap before
{Heap before GC invocations=7 (full 1):
 PSYoungGen      total 73728K, used 5434K [0x00000000d6100000, 0x00000000db100000, 0x0000000100000000)
  eden space 65536K, 0% used [0x00000000d6100000,0x00000000d6100000,0x00000000da100000)
  from space 8192K, 66% used [0x00000000da900000,0x00000000dae4e9c8,0x00000000db100000)
  to   space 8192K, 0% used [0x00000000da100000,0x00000000da100000,0x00000000da900000)
 ParOldGen       total 86016K, used 4655K [0x0000000082200000, 0x0000000087600000, 0x00000000d6100000)
  object space 86016K, 5% used [0x0000000082200000,0x000000008268bf80,0x0000000087600000)
 Metaspace       used 20871K, capacity 21476K, committed 21628K, reserved 1069056K
  class space    used 2645K, capacity 2808K, committed 2816K, reserved 1048576K
Event: 6.788 GC heap after
Heap after GC invocations=7 (full 1):
 PSYoungGen      total 73728K, used 0K [0x00000000d6100000, 0x00000000db100000, 0x0000000100000000)
  eden space 65536K, 0% used [0x00000000d6100000,0x00000000d6100000,0x00000000da100000)
  from space 8192K, 0% used [0x00000000da900000,0x00000000da900000,0x00000000db100000)
  to   space 8192K, 0% used [0x00000000da100000,0x00000000da100000,0x00000000da900000)
 ParOldGen       total 43008K, used 5389K [0x0000000082200000, 0x0000000084c00000, 0x00000000d6100000)
  object space 43008K, 12% used [0x0000000082200000,0x0000000082743560,0x0000000084c00000)
 Metaspace       used 20871K, capacity 21476K, committed 21628K, reserved 1069056K
  class space    used 2645K, capacity 2808K, committed 2816K, reserved 1048576K
}
Event: 7.657 GC heap before
{Heap before GC invocations=8 (full 1):
 PSYoungGen      total 73728K, used 65536K [0x00000000d6100000, 0x00000000db100000, 0x0000000100000000)
  eden space 65536K, 100% used [0x00000000d6100000,0x00000000da100000,0x00000000da100000)
  from space 8192K, 0% used [0x00000000da900000,0x00000000da900000,0x00000000db100000)
  to   space 8192K, 0% used [0x00000000da100000,0x00000000da100000,0x00000000da900000)
 ParOldGen       total 43008K, used 5389K [0x0000000082200000, 0x0000000084c00000, 0x00000000d6100000)
  object space 43008K, 12% used [0x0000000082200000,0x0000000082743560,0x0000000084c00000)
 Metaspace       used 26272K, capacity 27040K, committed 27136K, reserved 1073152K
  class space    used 3353K, capacity 3548K, committed 3584K, reserved 1048576K
Event: 7.666 GC heap after
Heap after GC invocations=8 (full 1):
 PSYoungGen      total 73728K, used 6962K [0x00000000d6100000, 0x00000000ded80000, 0x0000000100000000)
  eden space 65536K, 0% used [0x00000000d6100000,0x00000000d6100000,0x00000000da100000)
  from space 8192K, 84% used [0x00000000da100000,0x00000000da7ccad0,0x00000000da900000)
  to   space 8192K, 0% used [0x00000000de580000,0x00000000de580000,0x00000000ded80000)
 ParOldGen       total 43008K, used 5461K [0x0000000082200000, 0x0000000084c00000, 0x00000000d6100000)
  object space 43008K, 12% used [0x0000000082200000,0x0000000082755570,0x0000000084c00000)
 Metaspace       used 26272K, capacity 27040K, committed 27136K, reserved 1073152K
  class space    used 3353K, capacity 3548K, committed 3584K, reserved 1048576K
}

