# JRE version: Java(TM) SE Runtime Environment (8.0_101-b13) (build 1.8.0_101-b13)
# Java VM: Java HotSpot(TM) 64-Bit Server VM (25.101-b13 mixed mode windows-amd64 compressed oops)
Heap:
 PSYoungGen      total 70656K, used 31657K [0x00000000d6100000, 0x00000000dab00000, 0x0000000100000000)
  eden space 65536K, 40% used [0x00000000d6100000,0x00000000d7aedd70,0x00000000da100000)
  from space 5120K, 99% used [0x00000000da600000,0x00000000daafc7d0,0x00000000dab00000)
  to   space 5120K, 0% used [0x00000000da100000,0x00000000da100000,0x00000000da600000)
 ParOldGen       total 52224K, used 16442K [0x0000000082200000, 0x0000000085500000, 0x00000000d6100000)
  object space 52224K, 31% used [0x0000000082200000,0x000000008320eba0,0x0000000085500000)
 Metaspace       used 38043K, capacity 40135K, committed 40320K, reserved 1089536K
  class space    used 5092K, capacity 5480K, committed 5504K, reserved 1048576K
GC Heap History (10 events):
Event: 2.850 GC heap before
{Heap before GC invocations=8 (full 1):
 PSYoungGen      total 70656K, used 70641K [0x00000000d6100000, 0x00000000dab00000, 0x0000000100000000)
  eden space 65536K, 100% used [0x00000000d6100000,0x00000000da100000,0x00000000da100000)
  from space 5120K, 99% used [0x00000000da600000,0x00000000daafc628,0x00000000dab00000)
  to   space 5120K, 0% used [0x00000000da100000,0x00000000da100000,0x00000000da600000)
 ParOldGen       total 52224K, used 9271K [0x0000000082200000, 0x0000000085500000, 0x00000000d6100000)
  object space 52224K, 17% used [0x0000000082200000,0x0000000082b0dff0,0x0000000085500000)
 Metaspace       used 27800K, capacity 29118K, committed 29440K, reserved 1075200K
  class space    used 3736K, capacity 4001K, committed 4096K, reserved 1048576K
Event: 2.857 GC heap after
Heap after GC invocations=8 (full 1):
 PSYoungGen      total 70656K, used 5088K [0x00000000d6100000, 0x00000000dab00000, 0x0000000100000000)
  eden space 65536K, 0% used [0x00000000d6100000,0x00000000d6100000,0x00000000da100000)
  from space 5120K, 99% used [0x00000000da100000,0x00000000da5f8020,0x00000000da600000)
  to   space 5120K, 0% used [0x00000000da600000,0x00000000da600000,0x00000000dab00000)
 ParOldGen       total 52224K, used 12878K [0x0000000082200000, 0x0000000085500000, 0x00000000d6100000)
  object space 52224K, 24% used [0x0000000082200000,0x0000000082e938c8,0x0000000085500000)
 Metaspace       used 27800K, capacity 29118K, committed 29440K, reserved 1075200K
  class space    used 3736K, capacity 4001K, committed 4096K, reserved 1048576K
}
Event: 3.442 GC heap before
{Heap before GC invocations=9 (full 1):
 PSYoungGen      total 70656K, used 70624K [0x00000000d6100000, 0x00000000dab00000, 0x0000000100000000)
  eden space 65536K, 100% used [0x00000000d6100000,0x00000000da100000,0x00000000da100000)
  from space 5120K, 99% used [0x00000000da100000,0x00000000da5f8020,0x00000000da600000)
  to   space 5120K, 0% used [0x00000000da600000,0x00000000da600000,0x00000000dab00000)
 ParOldGen       total 52224K, used 12878K [0x0000000082200000, 0x0000000085500000, 0x00000000d6100000)
  object space 52224K, 24% used [0x0000000082200000,0x0000000082e938c8,0x0000000085500000)
 Metaspace       used 31859K, capacity 33392K, committed 33536K, reserved 1079296K
  class space    used 4227K, capacity 4530K, committed 4608K, reserved 1048576K
Event: 3.452 GC heap after
Heap after GC invocations=9 (full 1):
 PSYoungGen      total 70656K, used 5106K [0x00000000d6100000, 0x00000000dab00000, 0x0000000100000000)
  eden space 65536K, 0% used [0x00000000d6100000,0x00000000d6100000,0x00000000da100000)
  from space 5120K, 99% used [0x00000000da600000,0x00000000daafc978,0x00000000dab00000)
  to   space 5120K, 0% used [0x00000000da100000,0x00000000da100000,0x00000000da600000)
 ParOldGen       total 52224K, used 18222K [0x0000000082200000, 0x0000000085500000, 0x00000000d6100000)
  object space 52224K, 34% used [0x0000000082200000,0x00000000833cb918,0x0000000085500000)
 Metaspace       used 31859K, capacity 33392K, committed 33536K, reserved 1079296K
  class space    used 4227K, capacity 4530K, committed 4608K, reserved 1048576K
}
Event: 3.763 GC heap before
{Heap before GC invocations=10 (full 1):
 PSYoungGen      total 70656K, used 36333K [0x00000000d6100000, 0x00000000dab00000, 0x0000000100000000)
  eden space 65536K, 47% used [0x00000000d6100000,0x00000000d7f7ec40,0x00000000da100000)
  from space 5120K, 99% used [0x00000000da600000,0x00000000daafc978,0x00000000dab00000)
  to   space 5120K, 0% used [0x00000000da100000,0x00000000da100000,0x00000000da600000)
 ParOldGen       total 52224K, used 18222K [0x0000000082200000, 0x0000000085500000, 0x00000000d6100000)
  object space 52224K, 34% used [0x0000000082200000,0x00000000833cb918,0x0000000085500000)
 Metaspace       used 33889K, capacity 35400K, committed 35496K, reserved 1079296K
  class space    used 4505K, capacity 4796K, committed 4864K, reserved 1048576K
Event: 3.770 GC heap after
Heap after GC invocations=10 (full 1):
 PSYoungGen      total 70656K, used 5115K [0x00000000d6100000, 0x00000000dab00000, 0x0000000100000000)
  eden space 65536K, 0% used [0x00000000d6100000,0x00000000d6100000,0x00000000da100000)
  from space 5120K, 99% used [0x00000000da100000,0x00000000da5fec88,0x00000000da600000)
  to   space 5120K, 0% used [0x00000000da600000,0x00000000da600000,0x00000000dab00000)
 ParOldGen       total 52224K, used 20882K [0x0000000082200000, 0x0000000085500000, 0x00000000d6100000)
  object space 52224K, 39% used [0x0000000082200000,0x0000000083664970,0x0000000085500000)
 Metaspace       used 33889K, capacity 35400K, committed 35496K, reserved 1079296K
  class space    used 4505K, capacity 4796K, committed 4864K, reserved 1048576K
}
Event: 3.770 GC heap before
{Heap before GC invocations=11 (full 2):
 PSYoungGen      total 70656K, used 5115K [0x00000000d6100000, 0x00000000dab00000, 0x0000000100000000)
  eden space 65536K, 0% used [0x00000000d6100000,0x00000000d6100000,0x00000000da100000)
  from space 5120K, 99% used [0x00000000da100000,0x00000000da5fec88,0x00000000da600000)
  to   space 5120K, 0% used [0x00000000da600000,0x00000000da600000,0x00000000dab00000)
 ParOldGen       total 52224K, used 20882K [0x0000000082200000, 0x0000000085500000, 0x00000000d6100000)
  object space 52224K, 39% used [0x0000000082200000,0x0000000083664970,0x0000000085500000)
 Metaspace       used 33889K, capacity 35400K, committed 35496K, reserved 1079296K
  class space    used 4505K, capacity 4796K, committed 4864K, reserved 1048576K
Event: 3.844 GC heap after
Heap after GC invocations=11 (full 2):
 PSYoungGen      total 70656K, used 0K [0x00000000d6100000, 0x00000000dab00000, 0x0000000100000000)
  eden space 65536K, 0% used [0x00000000d6100000,0x00000000d6100000,0x00000000da100000)
  from space 5120K, 0% used [0x00000000da100000,0x00000000da100000,0x00000000da600000)
  to   space 5120K, 0% used [0x00000000da600000,0x00000000da600000,0x00000000dab00000)
 ParOldGen       total 52224K, used 16256K [0x0000000082200000, 0x0000000085500000, 0x00000000d6100000)
  object space 52224K, 31% used [0x0000000082200000,0x00000000831e0260,0x0000000085500000)
 Metaspace       used 33889K, capacity 35400K, committed 35496K, reserved 1079296K
  class space    used 4505K, capacity 4796K, committed 4864K, reserved 1048576K
}
Event: 4.287 GC heap before
{Heap before GC invocations=12 (full 2):
 PSYoungGen      total 70656K, used 65536K [0x00000000d6100000, 0x00000000dab00000, 0x0000000100000000)
  eden space 65536K, 100% used [0x00000000d6100000,0x00000000da100000,0x00000000da100000)
  from space 5120K, 0% used [0x00000000da100000,0x00000000da100000,0x00000000da600000)
  to   space 5120K, 0% used [0x00000000da600000,0x00000000da600000,0x00000000dab00000)
 ParOldGen       total 52224K, used 16256K [0x0000000082200000, 0x0000000085500000, 0x00000000d6100000)
  object space 52224K, 31% used [0x0000000082200000,0x00000000831e0260,0x0000000085500000)
 Metaspace       used 36823K, capacity 38704K, committed 38784K, reserved 1083392K
  class space    used 4868K, capacity 5248K, committed 5248K, reserved 1048576K
Event: 4.291 GC heap after
Heap after GC invocations=12 (full 2):
 PSYoungGen      total 70656K, used 5105K [0x00000000d6100000, 0x00000000dab00000, 0x0000000100000000)
  eden space 65536K, 0% used [0x00000000d6100000,0x00000000d6100000,0x00000000da100000)
  from space 5120K, 99% used [0x00000000da600000,0x00000000daafc7d0,0x00000000dab00000)
  to   space 5120K, 0% used [0x00000000da100000,0x00000000da100000,0x00000000da600000)
 ParOldGen       total 52224K, used 16442K [0x0000000082200000, 0x0000000085500000, 0x00000000d6100000)
  object space 52224K, 31% used [0x0000000082200000,0x000000008320eba0,0x0000000085500000)
 Metaspace       used 36823K, capacity 38704K, committed 38784K, reserved 1083392K
  class space    used 4868K, capacity 5248K, committed 5248K, reserved 1048576K
}

